Determining if the pthread_create exist failed with the following output:
Change Dir: /home/acceber/workspaces/ros_catkin/src/dpptam/CMakeFiles/CMakeTmp

Run Build Command:/usr/bin/make "cmTryCompileExec3811355623/fast"
/usr/bin/make -f CMakeFiles/cmTryCompileExec3811355623.dir/build.make CMakeFiles/cmTryCompileExec3811355623.dir/build
make[1]: Entering directory `/home/acceber/workspaces/ros_catkin/src/dpptam/CMakeFiles/CMakeTmp'
/usr/bin/cmake -E cmake_progress_report /home/acceber/workspaces/ros_catkin/src/dpptam/CMakeFiles/CMakeTmp/CMakeFiles 1
Building C object CMakeFiles/cmTryCompileExec3811355623.dir/CheckSymbolExists.c.o
/usr/bin/cc    -o CMakeFiles/cmTryCompileExec3811355623.dir/CheckSymbolExists.c.o   -c /home/acceber/workspaces/ros_catkin/src/dpptam/CMakeFiles/CMakeTmp/CheckSymbolExists.c
Linking C executable cmTryCompileExec3811355623
/usr/bin/cmake -E cmake_link_script CMakeFiles/cmTryCompileExec3811355623.dir/link.txt --verbose=1
/usr/bin/cc       CMakeFiles/cmTryCompileExec3811355623.dir/CheckSymbolExists.c.o  -o cmTryCompileExec3811355623 -rdynamic 
CMakeFiles/cmTryCompileExec3811355623.dir/CheckSymbolExists.c.o: In function `main':
CheckSymbolExists.c:(.text+0x16): undefined reference to `pthread_create'
collect2: error: ld returned 1 exit status
make[1]: *** [cmTryCompileExec3811355623] Error 1
make[1]: Leaving directory `/home/acceber/workspaces/ros_catkin/src/dpptam/CMakeFiles/CMakeTmp'
make: *** [cmTryCompileExec3811355623/fast] Error 2

File /home/acceber/workspaces/ros_catkin/src/dpptam/CMakeFiles/CMakeTmp/CheckSymbolExists.c:
/* */
#include <pthread.h>

int main(int argc, char** argv)
{
  (void)argv;
#ifndef pthread_create
  return ((int*)(&pthread_create))[argc];
#else
  (void)argc;
  return 0;
#endif
}

Determining if the function pthread_create exists in the pthreads failed with the following output:
Change Dir: /home/acceber/workspaces/ros_catkin/src/dpptam/CMakeFiles/CMakeTmp

Run Build Command:/usr/bin/make "cmTryCompileExec4145386838/fast"
/usr/bin/make -f CMakeFiles/cmTryCompileExec4145386838.dir/build.make CMakeFiles/cmTryCompileExec4145386838.dir/build
make[1]: Entering directory `/home/acceber/workspaces/ros_catkin/src/dpptam/CMakeFiles/CMakeTmp'
/usr/bin/cmake -E cmake_progress_report /home/acceber/workspaces/ros_catkin/src/dpptam/CMakeFiles/CMakeTmp/CMakeFiles 1
Building C object CMakeFiles/cmTryCompileExec4145386838.dir/CheckFunctionExists.c.o
/usr/bin/cc   -DCHECK_FUNCTION_EXISTS=pthread_create   -o CMakeFiles/cmTryCompileExec4145386838.dir/CheckFunctionExists.c.o   -c /usr/share/cmake-2.8/Modules/CheckFunctionExists.c
Linking C executable cmTryCompileExec4145386838
/usr/bin/cmake -E cmake_link_script CMakeFiles/cmTryCompileExec4145386838.dir/link.txt --verbose=1
/usr/bin/cc   -DCHECK_FUNCTION_EXISTS=pthread_create    CMakeFiles/cmTryCompileExec4145386838.dir/CheckFunctionExists.c.o  -o cmTryCompileExec4145386838 -rdynamic -lpthreads 
/usr/bin/ld: cannot find -lpthreads
collect2: error: ld returned 1 exit status
make[1]: *** [cmTryCompileExec4145386838] Error 1
make[1]: Leaving directory `/home/acceber/workspaces/ros_catkin/src/dpptam/CMakeFiles/CMakeTmp'
make: *** [cmTryCompileExec4145386838/fast] Error 2


