Determining if the pthread_create exist failed with the following output:
Change Dir: /home/josh/Workspace/unkei/src/server/pipeline/DPPTAM/CMakeFiles/CMakeTmp

Run Build Command:/usr/bin/make "cmTryCompileExec4040738527/fast"
/usr/bin/make -f CMakeFiles/cmTryCompileExec4040738527.dir/build.make CMakeFiles/cmTryCompileExec4040738527.dir/build
make[1]: Entering directory `/home/josh/Workspace/unkei/src/server/pipeline/DPPTAM/CMakeFiles/CMakeTmp'
/usr/bin/cmake -E cmake_progress_report /home/josh/Workspace/unkei/src/server/pipeline/DPPTAM/CMakeFiles/CMakeTmp/CMakeFiles 1
Building C object CMakeFiles/cmTryCompileExec4040738527.dir/CheckSymbolExists.c.o
/usr/bin/cc    -o CMakeFiles/cmTryCompileExec4040738527.dir/CheckSymbolExists.c.o   -c /home/josh/Workspace/unkei/src/server/pipeline/DPPTAM/CMakeFiles/CMakeTmp/CheckSymbolExists.c
Linking C executable cmTryCompileExec4040738527
/usr/bin/cmake -E cmake_link_script CMakeFiles/cmTryCompileExec4040738527.dir/link.txt --verbose=1
/usr/bin/cc       CMakeFiles/cmTryCompileExec4040738527.dir/CheckSymbolExists.c.o  -o cmTryCompileExec4040738527 -rdynamic 
CMakeFiles/cmTryCompileExec4040738527.dir/CheckSymbolExists.c.o: In function `main':
CheckSymbolExists.c:(.text+0x16): undefined reference to `pthread_create'
collect2: error: ld returned 1 exit status
make[1]: *** [cmTryCompileExec4040738527] Error 1
make[1]: Leaving directory `/home/josh/Workspace/unkei/src/server/pipeline/DPPTAM/CMakeFiles/CMakeTmp'
make: *** [cmTryCompileExec4040738527/fast] Error 2

File /home/josh/Workspace/unkei/src/server/pipeline/DPPTAM/CMakeFiles/CMakeTmp/CheckSymbolExists.c:
/* */
#include <pthread.h>

int main(int argc, char** argv)
{
  (void)argv;
#ifndef pthread_create
  return ((int*)(&pthread_create))[argc];
#else
  (void)argc;
  return 0;
#endif
}

Determining if the function pthread_create exists in the pthreads failed with the following output:
Change Dir: /home/josh/Workspace/unkei/src/server/pipeline/DPPTAM/CMakeFiles/CMakeTmp

Run Build Command:/usr/bin/make "cmTryCompileExec2444648935/fast"
/usr/bin/make -f CMakeFiles/cmTryCompileExec2444648935.dir/build.make CMakeFiles/cmTryCompileExec2444648935.dir/build
make[1]: Entering directory `/home/josh/Workspace/unkei/src/server/pipeline/DPPTAM/CMakeFiles/CMakeTmp'
/usr/bin/cmake -E cmake_progress_report /home/josh/Workspace/unkei/src/server/pipeline/DPPTAM/CMakeFiles/CMakeTmp/CMakeFiles 1
Building C object CMakeFiles/cmTryCompileExec2444648935.dir/CheckFunctionExists.c.o
/usr/bin/cc   -DCHECK_FUNCTION_EXISTS=pthread_create   -o CMakeFiles/cmTryCompileExec2444648935.dir/CheckFunctionExists.c.o   -c /usr/share/cmake-2.8/Modules/CheckFunctionExists.c
Linking C executable cmTryCompileExec2444648935
/usr/bin/cmake -E cmake_link_script CMakeFiles/cmTryCompileExec2444648935.dir/link.txt --verbose=1
/usr/bin/cc   -DCHECK_FUNCTION_EXISTS=pthread_create    CMakeFiles/cmTryCompileExec2444648935.dir/CheckFunctionExists.c.o  -o cmTryCompileExec2444648935 -rdynamic -lpthreads 
/usr/bin/ld: cannot find -lpthreads
collect2: error: ld returned 1 exit status
make[1]: *** [cmTryCompileExec2444648935] Error 1
make[1]: Leaving directory `/home/josh/Workspace/unkei/src/server/pipeline/DPPTAM/CMakeFiles/CMakeTmp'
make: *** [cmTryCompileExec2444648935/fast] Error 2


